d:\code\c++\workspace\动态链接库\测试\debug\测试.pch
d:\code\c++\workspace\动态链接库\测试\debug\vc141.pdb
d:\code\c++\workspace\动态链接库\测试\debug\vc141.idb
d:\code\c++\workspace\动态链接库\测试\debug\pch.obj
d:\code\c++\workspace\动态链接库\测试\debug\测试.obj
e:\git\动态链接库\测试\debug\测试.pch
e:\git\动态链接库\测试\debug\vc141.pdb
e:\git\动态链接库\测试\debug\vc141.idb
e:\git\动态链接库\测试\debug\pch.obj
e:\git\动态链接库\测试\debug\测试.obj
d:\code\c++\workspace\动态链接库\debug\测试.exe
d:\code\c++\workspace\动态链接库\debug\测试.ilk
d:\code\c++\workspace\动态链接库\debug\测试.pdb
e:\git\动态链接库\debug\测试.exe
e:\git\动态链接库\debug\测试.ilk
e:\git\动态链接库\debug\测试.pdb
e:\git\动态链接库\测试\debug\测试.tlog\cl.command.1.tlog
e:\git\动态链接库\测试\debug\测试.tlog\cl.read.1.tlog
e:\git\动态链接库\测试\debug\测试.tlog\cl.write.1.tlog
e:\git\动态链接库\测试\debug\测试.tlog\link.command.1.tlog
e:\git\动态链接库\测试\debug\测试.tlog\link.read.1.tlog
e:\git\动态链接库\测试\debug\测试.tlog\link.write.1.tlog
