d:\code\c++\workspace\动态链接库\demo1\debug\demo1.pch
d:\code\c++\workspace\动态链接库\demo1\debug\vc141.pdb
d:\code\c++\workspace\动态链接库\demo1\debug\vc141.idb
d:\code\c++\workspace\动态链接库\demo1\debug\stdafx.obj
d:\code\c++\workspace\动态链接库\demo1\debug\dllmain.obj
d:\code\c++\workspace\动态链接库\demo1\debug\demo1.obj
d:\坚果云云端\动态链接库\demo1_use\wsock321.lib
d:\坚果云云端\动态链接库\demo1_use\wsock321.exp
d:\code\c++\workspace\动态链接库\debug\demo1.lib
d:\code\c++\workspace\动态链接库\debug\demo1.exp
d:\code\c++\workspace\动态链接库\demo1\debug\wsock32.pch
d:\code\c++\workspace\动态链接库\demo1\debug\wsock321.pch
d:\code\c++\workspace\动态链接库\debug\demo1.pdb
d:\code\c++\workspace\动态链接库\demo1\debug\demo1.tlog\cl.command.1.tlog
d:\code\c++\workspace\动态链接库\demo1\debug\demo1.tlog\cl.read.1.tlog
d:\code\c++\workspace\动态链接库\demo1\debug\demo1.tlog\cl.write.1.tlog
d:\code\c++\workspace\动态链接库\demo1\debug\demo1.tlog\demo1.write.1u.tlog
d:\code\c++\workspace\动态链接库\demo1\debug\demo1.tlog\link-cvtres.read.1.tlog
d:\code\c++\workspace\动态链接库\demo1\debug\demo1.tlog\link-cvtres.write.1.tlog
d:\code\c++\workspace\动态链接库\demo1\debug\demo1.tlog\link-mt.read.1.tlog
d:\code\c++\workspace\动态链接库\demo1\debug\demo1.tlog\link-mt.write.1.tlog
d:\code\c++\workspace\动态链接库\demo1\debug\demo1.tlog\link-rc.read.1.tlog
d:\code\c++\workspace\动态链接库\demo1\debug\demo1.tlog\link-rc.write.1.tlog
d:\code\c++\workspace\动态链接库\demo1\debug\demo1.tlog\link.15956-cvtres.read.1.tlog
d:\code\c++\workspace\动态链接库\demo1\debug\demo1.tlog\link.15956-cvtres.write.1.tlog
d:\code\c++\workspace\动态链接库\demo1\debug\demo1.tlog\link.15956-mt.read.1.tlog
d:\code\c++\workspace\动态链接库\demo1\debug\demo1.tlog\link.15956-mt.write.1.tlog
d:\code\c++\workspace\动态链接库\demo1\debug\demo1.tlog\link.15956-rc.read.1.tlog
d:\code\c++\workspace\动态链接库\demo1\debug\demo1.tlog\link.15956-rc.write.1.tlog
d:\code\c++\workspace\动态链接库\demo1\debug\demo1.tlog\link.15956.read.1.tlog
d:\code\c++\workspace\动态链接库\demo1\debug\demo1.tlog\link.15956.write.1.tlog
d:\code\c++\workspace\动态链接库\demo1\debug\demo1.tlog\link.220.delete.1.tlog
d:\code\c++\workspace\动态链接库\demo1\debug\demo1.tlog\link.command.1.tlog
d:\code\c++\workspace\动态链接库\demo1\debug\demo1.tlog\link.delete.1.tlog
d:\code\c++\workspace\动态链接库\demo1\debug\demo1.tlog\link.read.1.tlog
d:\code\c++\workspace\动态链接库\demo1\debug\demo1.tlog\link.write.1.tlog
